BearLiveApp/app/build/outputs/logs/manifest-merger-debug-report.txt
-- Merging decision tree log ---
manifest
ADDED from src/main/AndroidManifest.xml:2:1-35:12
INJECTED from src/main/AndroidManifest.xml:2:1-35:12
INJECTED from src/main/AndroidManifest.xml:2:1-35:12
INJECTED from src/main/AndroidManifest.xml:2:1-35:12
MERGED from [com.tencent.livesdk:livesdk:1.1.0] AndroidManifest.xml:2:1-14:12
MERGED from [com.android.support:appcompat-v7:25.0.0] AndroidManifest.xml:17:1-27:12
MERGED from [com.android.support:support-v4:25.0.0] AndroidManifest.xml:17:1-27:12
MERGED from [com.android.support:recyclerview-v7:25.0.0] AndroidManifest.xml:17:1-22:12
MERGED from [jp.wasabeef:glide-transformations:2.0.1] AndroidManifest.xml:2:1-12:12
MERGED from [com.tencent.ilivesdk:ilivesdk:1.3.3] AndroidManifest.xml:2:1-71:12
MERGED from [tyrant:heartlayout:1.0.1] AndroidManifest.xml:2:1-16:12
MERGED from [com.squareup.leakcanary:leakcanary-android-no-op:1.5.2] AndroidManifest.xml:17:1-22:12
MERGED from [com.android.support:support-fragment:25.0.0] AndroidManifest.xml:17:1-27:12
MERGED from [com.android.support:support-media-compat:25.0.0] AndroidManifest.xml:17:1-27:12
MERGED from [com.android.support:support-core-utils:25.0.0] AndroidManifest.xml:17:1-27:12
MERGED from [com.android.support:support-core-ui:25.0.0] AndroidManifest.xml:17:1-27:12
MERGED from [com.android.support:animated-vector-drawable:25.0.0] AndroidManifest.xml:17:1-24:12
MERGED from [com.android.support:support-vector-drawable:25.0.0] AndroidManifest.xml:17:1-25:12
MERGED from [com.android.support:support-compat:25.0.0] AndroidManifest.xml:17:1-27:12
INJECTED from src/main/AndroidManifest.xml:2:1-35:12
INJECTED from src/main/AndroidManifest.xml:2:1-35:12
INJECTED from src/main/AndroidManifest.xml:2:1-35:12
	package
		ADDED from src/main/AndroidManifest.xml:3:5-33
		INJECTED from src/main/AndroidManifest.xml
		INJECTED from src/main/AndroidManifest.xml
	android:versionName
		INJECTED from src/main/AndroidManifest.xml
		ADDED from src/main/AndroidManifest.xml:2:1-35:12
		INJECTED from src/main/AndroidManifest.xml
	android:versionCode
		INJECTED from src/main/AndroidManifest.xml
		ADDED from src/main/AndroidManifest.xml:2:1-35:12
		INJECTED from src/main/AndroidManifest.xml
	xmlns:android
		ADDED from src/main/AndroidManifest.xml:2:11-69
uses-permission#android.permission.WRITE_EXTERNAL_STORAGE
ADDED from src/main/AndroidManifest.xml:5:5-81
MERGED from [com.tencent.ilivesdk:ilivesdk:1.3.3] AndroidManifest.xml:24:5-81
MERGED from [com.tencent.ilivesdk:ilivesdk:1.3.3] AndroidManifest.xml:24:5-81
	android:name
		ADDED from src/main/AndroidManifest.xml:5:22-78
uses-permission#android.permission.CAMERA
ADDED from src/main/AndroidManifest.xml:6:5-65
MERGED from [com.tencent.ilivesdk:ilivesdk:1.3.3] AndroidManifest.xml:13:5-65
MERGED from [com.tencent.ilivesdk:ilivesdk:1.3.3] AndroidManifest.xml:13:5-65
	android:name
		ADDED from src/main/AndroidManifest.xml:6:22-62
uses-feature#android.hardware.camera
ADDED from src/main/AndroidManifest.xml:8:5-60
MERGED from [com.tencent.ilivesdk:ilivesdk:1.3.3] AndroidManifest.xml:29:5-31:35
MERGED from [com.tencent.ilivesdk:ilivesdk:1.3.3] AndroidManifest.xml:29:5-31:35
	android:required
		ADDED from [com.tencent.ilivesdk:ilivesdk:1.3.3] AndroidManifest.xml:31:9-32
	android:name
		ADDED from src/main/AndroidManifest.xml:8:19-57
uses-feature#android.hardware.camera.autofocus
ADDED from src/main/AndroidManifest.xml:9:5-70
	android:name
		ADDED from src/main/AndroidManifest.xml:9:19-67
application
ADDED from src/main/AndroidManifest.xml:11:5-33:19
MERGED from [com.tencent.livesdk:livesdk:1.1.0] AndroidManifest.xml:11:5-12:19
MERGED from [com.tencent.livesdk:livesdk:1.1.0] AndroidManifest.xml:11:5-12:19
MERGED from [com.android.support:appcompat-v7:25.0.0] AndroidManifest.xml:25:5-20
MERGED from [com.android.support:appcompat-v7:25.0.0] AndroidManifest.xml:25:5-20
MERGED from [com.android.support:support-v4:25.0.0] AndroidManifest.xml:25:5-20
MERGED from [com.android.support:support-v4:25.0.0] AndroidManifest.xml:25:5-20
MERGED from [com.tencent.ilivesdk:ilivesdk:1.3.3] AndroidManifest.xml:33:5-69:19
MERGED from [com.tencent.ilivesdk:ilivesdk:1.3.3] AndroidManifest.xml:33:5-69:19
MERGED from [tyrant:heartlayout:1.0.1] AndroidManifest.xml:11:5-14:19
MERGED from [tyrant:heartlayout:1.0.1] AndroidManifest.xml:11:5-14:19
MERGED from [com.android.support:support-fragment:25.0.0] AndroidManifest.xml:25:5-20
MERGED from [com.android.support:support-fragment:25.0.0] AndroidManifest.xml:25:5-20
MERGED from [com.android.support:support-media-compat:25.0.0] AndroidManifest.xml:25:5-20
MERGED from [com.android.support:support-media-compat:25.0.0] AndroidManifest.xml:25:5-20
MERGED from [com.android.support:support-core-utils:25.0.0] AndroidManifest.xml:25:5-20
MERGED from [com.android.support:support-core-utils:25.0.0] AndroidManifest.xml:25:5-20
MERGED from [com.android.support:support-core-ui:25.0.0] AndroidManifest.xml:25:5-20
MERGED from [com.android.support:support-core-ui:25.0.0] AndroidManifest.xml:25:5-20
MERGED from [com.android.support:animated-vector-drawable:25.0.0] AndroidManifest.xml:22:5-20
MERGED from [com.android.support:animated-vector-drawable:25.0.0] AndroidManifest.xml:22:5-20
MERGED from [com.android.support:support-vector-drawable:25.0.0] AndroidManifest.xml:23:5-20
MERGED from [com.android.support:support-vector-drawable:25.0.0] AndroidManifest.xml:23:5-20
MERGED from [com.android.support:support-compat:25.0.0] AndroidManifest.xml:25:5-20
MERGED from [com.android.support:support-compat:25.0.0] AndroidManifest.xml:25:5-20
	android:supportsRtl
		ADDED from src/main/AndroidManifest.xml:16:9-35
	android:label
		ADDED from src/main/AndroidManifest.xml:15:9-41
	android:icon
		ADDED from src/main/AndroidManifest.xml:14:9-43
	android:allowBackup
		ADDED from src/main/AndroidManifest.xml:13:9-35
	android:theme
		ADDED from src/main/AndroidManifest.xml:17:9-40
	android:name
		ADDED from src/main/AndroidManifest.xml:12:9-40
activity#imooc.com.bearlive.login.LoginActivity
ADDED from src/main/AndroidManifest.xml:18:9-24:20
	android:name
		ADDED from src/main/AndroidManifest.xml:18:19-54
intent-filter#android.intent.action.MAIN+android.intent.category.LAUNCHER
ADDED from src/main/AndroidManifest.xml:19:13-23:29
action#android.intent.action.MAIN
ADDED from src/main/AndroidManifest.xml:20:17-69
	android:name
		ADDED from src/main/AndroidManifest.xml:20:25-66
category#android.intent.category.LAUNCHER
ADDED from src/main/AndroidManifest.xml:22:17-77
	android:name
		ADDED from src/main/AndroidManifest.xml:22:27-74
activity#imooc.com.bearlive.register.RegisterActivity
ADDED from src/main/AndroidManifest.xml:25:9-63
	android:name
		ADDED from src/main/AndroidManifest.xml:25:19-60
activity#imooc.com.bearlive.editprofile.EditProfileActivity
ADDED from src/main/AndroidManifest.xml:26:9-69
	android:name
		ADDED from src/main/AndroidManifest.xml:26:19-66
activity#imooc.com.bearlive.main.MainActivity
ADDED from src/main/AndroidManifest.xml:27:9-55
	android:name
		ADDED from src/main/AndroidManifest.xml:27:19-52
activity#imooc.com.bearlive.createroom.CreateLiveActivity
ADDED from src/main/AndroidManifest.xml:28:9-67
	android:name
		ADDED from src/main/AndroidManifest.xml:28:19-64
activity#imooc.com.bearlive.hostlive.HostLiveActivity
ADDED from src/main/AndroidManifest.xml:29:9-31:58
	android:windowSoftInputMode
		ADDED from src/main/AndroidManifest.xml:31:13-55
	android:name
		ADDED from src/main/AndroidManifest.xml:30:13-54
activity#imooc.com.bearlive.watcher.WatcherActivity
ADDED from src/main/AndroidManifest.xml:32:9-70
	android:name
		ADDED from src/main/AndroidManifest.xml:32:19-58
uses-sdk
INJECTED from src/main/AndroidManifest.xml reason: use-sdk injection requested
INJECTED from src/main/AndroidManifest.xml
INJECTED from src/main/AndroidManifest.xml
MERGED from [com.tencent.livesdk:livesdk:1.1.0] AndroidManifest.xml:7:5-9:41
MERGED from [com.tencent.livesdk:livesdk:1.1.0] AndroidManifest.xml:7:5-9:41
MERGED from [com.android.support:appcompat-v7:25.0.0] AndroidManifest.xml:21:5-23:78
MERGED from [com.android.support:appcompat-v7:25.0.0] AndroidManifest.xml:21:5-23:78
MERGED from [com.android.support:support-v4:25.0.0] AndroidManifest.xml:21:5-23:54
MERGED from [com.android.support:support-v4:25.0.0] AndroidManifest.xml:21:5-23:54
MERGED from [com.android.support:recyclerview-v7:25.0.0] AndroidManifest.xml:20:5-43
MERGED from [com.android.support:recyclerview-v7:25.0.0] AndroidManifest.xml:20:5-43
MERGED from [jp.wasabeef:glide-transformations:2.0.1] AndroidManifest.xml:8:5-10:41
MERGED from [jp.wasabeef:glide-transformations:2.0.1] AndroidManifest.xml:8:5-10:41
MERGED from [com.tencent.ilivesdk:ilivesdk:1.3.3] AndroidManifest.xml:7:5-9:41
MERGED from [com.tencent.ilivesdk:ilivesdk:1.3.3] AndroidManifest.xml:7:5-9:41
MERGED from [tyrant:heartlayout:1.0.1] AndroidManifest.xml:7:5-9:41
MERGED from [tyrant:heartlayout:1.0.1] AndroidManifest.xml:7:5-9:41
MERGED from [com.squareup.leakcanary:leakcanary-android-no-op:1.5.2] AndroidManifest.xml:20:5-44
MERGED from [com.squareup.leakcanary:leakcanary-android-no-op:1.5.2] AndroidManifest.xml:20:5-44
MERGED from [com.android.support:support-fragment:25.0.0] AndroidManifest.xml:21:5-23:60
MERGED from [com.android.support:support-fragment:25.0.0] AndroidManifest.xml:21:5-23:60
MERGED from [com.android.support:support-media-compat:25.0.0] AndroidManifest.xml:21:5-23:63
MERGED from [com.android.support:support-media-compat:25.0.0] AndroidManifest.xml:21:5-23:63
MERGED from [com.android.support:support-core-utils:25.0.0] AndroidManifest.xml:21:5-23:61
MERGED from [com.android.support:support-core-utils:25.0.0] AndroidManifest.xml:21:5-23:61
MERGED from [com.android.support:support-core-ui:25.0.0] AndroidManifest.xml:21:5-23:58
MERGED from [com.android.support:support-core-ui:25.0.0] AndroidManifest.xml:21:5-23:58
MERGED from [com.android.support:animated-vector-drawable:25.0.0] AndroidManifest.xml:20:5-44
MERGED from [com.android.support:animated-vector-drawable:25.0.0] AndroidManifest.xml:20:5-44
MERGED from [com.android.support:support-vector-drawable:25.0.0] AndroidManifest.xml:21:5-43
MERGED from [com.android.support:support-vector-drawable:25.0.0] AndroidManifest.xml:21:5-43
MERGED from [com.android.support:support-compat:25.0.0] AndroidManifest.xml:21:5-23:58
MERGED from [com.android.support:support-compat:25.0.0] AndroidManifest.xml:21:5-23:58
INJECTED from src/main/AndroidManifest.xml
INJECTED from src/main/AndroidManifest.xml
	tools:overrideLibrary
		ADDED from [com.android.support:appcompat-v7:25.0.0] AndroidManifest.xml:23:9-75
	android:targetSdkVersion
		INJECTED from src/main/AndroidManifest.xml
		ADDED from src/main/AndroidManifest.xml
		INJECTED from src/main/AndroidManifest.xml
	android:minSdkVersion
		INJECTED from src/main/AndroidManifest.xml
		ADDED from src/main/AndroidManifest.xml
		INJECTED from src/main/AndroidManifest.xml
uses-permission#android.permission.ACCESS_NETWORK_STATE
ADDED from [com.tencent.ilivesdk:ilivesdk:1.3.3] AndroidManifest.xml:11:5-79
	android:name
		ADDED from [com.tencent.ilivesdk:ilivesdk:1.3.3] AndroidManifest.xml:11:22-76
uses-permission#android.permission.ACCESS_WIFI_STATE
ADDED from [com.tencent.ilivesdk:ilivesdk:1.3.3] AndroidManifest.xml:12:5-76
	android:name
		ADDED from [com.tencent.ilivesdk:ilivesdk:1.3.3] AndroidManifest.xml:12:22-73
uses-permission#android.permission.CHANGE_NETWORK_STATE
ADDED from [com.tencent.ilivesdk:ilivesdk:1.3.3] AndroidManifest.xml:14:5-79
	android:name
		ADDED from [com.tencent.ilivesdk:ilivesdk:1.3.3] AndroidManifest.xml:14:22-76
uses-permission#android.permission.GET_TASKS
ADDED from [com.tencent.ilivesdk:ilivesdk:1.3.3] AndroidManifest.xml:15:5-68
	android:name
		ADDED from [com.tencent.ilivesdk:ilivesdk:1.3.3] AndroidManifest.xml:15:22-65
uses-permission#android.permission.INTERNET
ADDED from [com.tencent.ilivesdk:ilivesdk:1.3.3] AndroidManifest.xml:16:5-67
	android:name
		ADDED from [com.tencent.ilivesdk:ilivesdk:1.3.3] AndroidManifest.xml:16:22-64
uses-permission#android.permission.MODIFY_AUDIO_SETTINGS
ADDED from [com.tencent.ilivesdk:ilivesdk:1.3.3] AndroidManifest.xml:17:5-80
	android:name
		ADDED from [com.tencent.ilivesdk:ilivesdk:1.3.3] AndroidManifest.xml:17:22-77
uses-permission#android.permission.READ_LOGS
ADDED from [com.tencent.ilivesdk:ilivesdk:1.3.3] AndroidManifest.xml:18:5-68
	android:name
		ADDED from [com.tencent.ilivesdk:ilivesdk:1.3.3] AndroidManifest.xml:18:22-65
uses-permission#android.permission.READ_PHONE_STATE
ADDED from [com.tencent.ilivesdk:ilivesdk:1.3.3] AndroidManifest.xml:19:5-75
	android:name
		ADDED from [com.tencent.ilivesdk:ilivesdk:1.3.3] AndroidManifest.xml:19:22-72
uses-permission#android.permission.RECEIVE_BOOT_COMPLETED
ADDED from [com.tencent.ilivesdk:ilivesdk:1.3.3] AndroidManifest.xml:20:5-81
	android:name
		ADDED from [com.tencent.ilivesdk:ilivesdk:1.3.3] AndroidManifest.xml:20:22-78
uses-permission#android.permission.RECORD_AUDIO
ADDED from [com.tencent.ilivesdk:ilivesdk:1.3.3] AndroidManifest.xml:21:5-71
	android:name
		ADDED from [com.tencent.ilivesdk:ilivesdk:1.3.3] AndroidManifest.xml:21:22-68
uses-permission#android.permission.VIBRATE
ADDED from [com.tencent.ilivesdk:ilivesdk:1.3.3] AndroidManifest.xml:22:5-66
	android:name
		ADDED from [com.tencent.ilivesdk:ilivesdk:1.3.3] AndroidManifest.xml:22:22-63
uses-permission#android.permission.WAKE_LOCK
ADDED from [com.tencent.ilivesdk:ilivesdk:1.3.3] AndroidManifest.xml:23:5-68
	android:name
		ADDED from [com.tencent.ilivesdk:ilivesdk:1.3.3] AndroidManifest.xml:23:22-65
uses-permission#android.permission.SYSTEM_ALERT_WINDOW
ADDED from [com.tencent.ilivesdk:ilivesdk:1.3.3] AndroidManifest.xml:25:5-78
	android:name
		ADDED from [com.tencent.ilivesdk:ilivesdk:1.3.3] AndroidManifest.xml:25:22-75
uses-permission#android.permission.BLUETOOTH
ADDED from [com.tencent.ilivesdk:ilivesdk:1.3.3] AndroidManifest.xml:26:5-68
	android:name
		ADDED from [com.tencent.ilivesdk:ilivesdk:1.3.3] AndroidManifest.xml:26:22-65
uses-permission#android.permission.CHANGE_WIFI_STATE
ADDED from [com.tencent.ilivesdk:ilivesdk:1.3.3] AndroidManifest.xml:27:5-76
	android:name
		ADDED from [com.tencent.ilivesdk:ilivesdk:1.3.3] AndroidManifest.xml:27:22-73
service#com.tencent.qalsdk.service.QalService
ADDED from [com.tencent.ilivesdk:ilivesdk:1.3.3] AndroidManifest.xml:36:9-39:45
	android:process
		ADDED from [com.tencent.ilivesdk:ilivesdk:1.3.3] AndroidManifest.xml:39:13-42
	android:exported
		ADDED from [com.tencent.ilivesdk:ilivesdk:1.3.3] AndroidManifest.xml:38:13-37
	android:name
		ADDED from [com.tencent.ilivesdk:ilivesdk:1.3.3] AndroidManifest.xml:37:13-65
service#com.tencent.qalsdk.service.QalAssistService
ADDED from [com.tencent.ilivesdk:ilivesdk:1.3.3] AndroidManifest.xml:40:9-43:45
	android:process
		ADDED from [com.tencent.ilivesdk:ilivesdk:1.3.3] AndroidManifest.xml:43:13-42
	android:exported
		ADDED from [com.tencent.ilivesdk:ilivesdk:1.3.3] AndroidManifest.xml:42:13-37
	android:name
		ADDED from [com.tencent.ilivesdk:ilivesdk:1.3.3] AndroidManifest.xml:41:13-71
receiver#com.tencent.qalsdk.QALBroadcastReceiver
ADDED from [com.tencent.ilivesdk:ilivesdk:1.3.3] AndroidManifest.xml:45:9-51:20
	android:exported
		ADDED from [com.tencent.ilivesdk:ilivesdk:1.3.3] AndroidManifest.xml:47:13-37
	android:name
		ADDED from [com.tencent.ilivesdk:ilivesdk:1.3.3] AndroidManifest.xml:46:13-67
intent-filter#com.tencent.qalsdk.broadcast.qal
ADDED from [com.tencent.ilivesdk:ilivesdk:1.3.3] AndroidManifest.xml:48:13-50:29
action#com.tencent.qalsdk.broadcast.qal
ADDED from [com.tencent.ilivesdk:ilivesdk:1.3.3] AndroidManifest.xml:49:17-75
	android:name
		ADDED from [com.tencent.ilivesdk:ilivesdk:1.3.3] AndroidManifest.xml:49:25-72
receiver#com.tencent.qalsdk.core.NetConnInfoCenter
ADDED from [com.tencent.ilivesdk:ilivesdk:1.3.3] AndroidManifest.xml:53:9-68:20
	android:process
		ADDED from [com.tencent.ilivesdk:ilivesdk:1.3.3] AndroidManifest.xml:55:13-42
	android:name
		ADDED from [com.tencent.ilivesdk:ilivesdk:1.3.3] AndroidManifest.xml:54:13-69
intent-filter#android.intent.action.BOOT_COMPLETED
ADDED from [com.tencent.ilivesdk:ilivesdk:1.3.3] AndroidManifest.xml:56:13-58:29
action#android.intent.action.BOOT_COMPLETED
ADDED from [com.tencent.ilivesdk:ilivesdk:1.3.3] AndroidManifest.xml:57:17-79
	android:name
		ADDED from [com.tencent.ilivesdk:ilivesdk:1.3.3] AndroidManifest.xml:57:25-76
intent-filter#android.net.conn.CONNECTIVITY_CHANGE
ADDED from [com.tencent.ilivesdk:ilivesdk:1.3.3] AndroidManifest.xml:59:13-61:29
action#android.net.conn.CONNECTIVITY_CHANGE
ADDED from [com.tencent.ilivesdk:ilivesdk:1.3.3] AndroidManifest.xml:60:17-79
	android:name
		ADDED from [com.tencent.ilivesdk:ilivesdk:1.3.3] AndroidManifest.xml:60:25-76
intent-filter#android.intent.action.TIME_SET
ADDED from [com.tencent.ilivesdk:ilivesdk:1.3.3] AndroidManifest.xml:62:13-64:29
action#android.intent.action.TIME_SET
ADDED from [com.tencent.ilivesdk:ilivesdk:1.3.3] AndroidManifest.xml:63:17-73
	android:name
		ADDED from [com.tencent.ilivesdk:ilivesdk:1.3.3] AndroidManifest.xml:63:25-70
intent-filter#android.intent.action.TIMEZONE_CHANGED
ADDED from [com.tencent.ilivesdk:ilivesdk:1.3.3] AndroidManifest.xml:65:13-67:29
action#android.intent.action.TIMEZONE_CHANGED
ADDED from [com.tencent.ilivesdk:ilivesdk:1.3.3] AndroidManifest.xml:66:17-81
	android:name
		ADDED from [com.tencent.ilivesdk:ilivesdk:1.3.3] AndroidManifest.xml:66:25-78
uses-permission#android.permission.READ_EXTERNAL_STORAGE
IMPLIED from src/main/AndroidManifest.xml:2:1-35:12 reason: com.tencent.ilivesdk requested WRITE_EXTERNAL_STORAGE